[debug] [2022-08-29T14:40:57.539Z] ----------------------------------------------------------------------
[debug] [2022-08-29T14:40:57.540Z] Command:       /usr/local/bin/node /usr/local/bin/firebase emulators:start --only functions
[debug] [2022-08-29T14:40:57.541Z] CLI Version:   10.2.0
[debug] [2022-08-29T14:40:57.541Z] Platform:      darwin
[debug] [2022-08-29T14:40:57.541Z] Node Version:  v16.13.2
[debug] [2022-08-29T14:40:57.546Z] Time:          Mon Aug 29 2022 09:40:57 GMT-0500 (Central Daylight Time)
[debug] [2022-08-29T14:40:57.546Z] ----------------------------------------------------------------------
[debug] 
[debug] [2022-08-29T14:40:57.621Z] > command requires scopes: ["email","openid","https://www.googleapis.com/auth/cloudplatformprojects.readonly","https://www.googleapis.com/auth/firebase","https://www.googleapis.com/auth/cloud-platform"]
[debug] [2022-08-29T14:40:57.622Z] > authorizing via signed-in user (angel.mondragonths@gmail.com)
[info] i  emulators: Starting emulators: functions {"metadata":{"emulator":{"name":"hub"},"message":"Starting emulators: functions"}}
[debug] [2022-08-29T14:40:57.668Z] [hub] writing locator at /var/folders/19/c2q95cbs3n73st1y0c3h33b00000gn/T/hub-shopify-recharge-352914.json
[warn] ⚠  functions: The following emulators are not running, calls to these services from the Functions emulator will affect production: auth, firestore, database, hosting, pubsub, storage {"metadata":{"emulator":{"name":"functions"},"message":"The following emulators are not running, calls to these services from the Functions emulator will affect production: \u001b[1mauth, firestore, database, hosting, pubsub, storage\u001b[22m"}}
[info] ✔  functions: Using node@16 from host. {"metadata":{"emulator":{"name":"functions"},"message":"Using node@16 from host."}}
[debug] [2022-08-29T14:40:57.952Z] defaultcredentials: writing to file /Users/angelmondragon/.config/firebase/angel_mondragonths_gmail.com_application_default_credentials.json
[debug] [2022-08-29T14:40:57.954Z] Setting GAC to /Users/angelmondragon/.config/firebase/angel_mondragonths_gmail.com_application_default_credentials.json {"metadata":{"emulator":{"name":"functions"},"message":"Setting GAC to /Users/angelmondragon/.config/firebase/angel_mondragonths_gmail.com_application_default_credentials.json"}}
[debug] [2022-08-29T14:40:57.956Z] > refreshing access token with scopes: []
[debug] [2022-08-29T14:40:57.957Z] >>> HTTP REQUEST POST https://www.googleapis.com/oauth2/v3/token  
 <request body omitted>
[debug] [2022-08-29T14:40:59.130Z] <<< HTTP RESPONSE 200 {"pragma":"no-cache","date":"Mon, 29 Aug 2022 14:40:59 GMT","expires":"Mon, 01 Jan 1990 00:00:00 GMT","cache-control":"no-cache, no-store, max-age=0, must-revalidate","content-type":"application/json; charset=utf-8","vary":"X-Origin, Referer, Origin,Accept-Encoding","server":"scaffolding on HTTPServer2","x-xss-protection":"0","x-frame-options":"SAMEORIGIN","x-content-type-options":"nosniff","alt-svc":"h3=\":443\"; ma=2592000,h3-29=\":443\"; ma=2592000,h3-Q050=\":443\"; ma=2592000,h3-Q046=\":443\"; ma=2592000,h3-Q043=\":443\"; ma=2592000,quic=\":443\"; ma=2592000; v=\"46,43\"","accept-ranges":"none","transfer-encoding":"chunked"}
[debug] [2022-08-29T14:40:59.174Z] >>> [apiv2][query] GET https://firebase.googleapis.com/v1beta1/projects/shopify-recharge-352914/adminSdkConfig [none]
[debug] [2022-08-29T14:40:59.400Z] <<< [apiv2][status] GET https://firebase.googleapis.com/v1beta1/projects/shopify-recharge-352914/adminSdkConfig 200
[debug] [2022-08-29T14:40:59.400Z] <<< [apiv2][body] GET https://firebase.googleapis.com/v1beta1/projects/shopify-recharge-352914/adminSdkConfig {"projectId":"shopify-recharge-352914","storageBucket":"shopify-recharge-352914.appspot.com","locationId":"us-central"}
[warn] ⚠  ui: Emulator UI unable to start on port 4000, starting on 4001 instead. {"metadata":{"emulator":{"name":"ui"},"message":"Emulator UI unable to start on port 4000, starting on 4001 instead."}}
[debug] [2022-08-29T14:40:59.440Z] Ignoring unsupported arg: auto_download {"metadata":{"emulator":{"name":"ui"},"message":"Ignoring unsupported arg: auto_download"}}
[debug] [2022-08-29T14:40:59.440Z] Ignoring unsupported arg: port {"metadata":{"emulator":{"name":"ui"},"message":"Ignoring unsupported arg: port"}}
[debug] [2022-08-29T14:40:59.440Z] Starting Emulator UI with command {"binary":"node","args":["/Users/angelmondragon/.cache/firebase/emulators/ui-v1.6.4/server.bundle.js"],"optionalArgs":[],"joinArgs":false} {"metadata":{"emulator":{"name":"ui"},"message":"Starting Emulator UI with command {\"binary\":\"node\",\"args\":[\"/Users/angelmondragon/.cache/firebase/emulators/ui-v1.6.4/server.bundle.js\"],\"optionalArgs\":[],\"joinArgs\":false}"}}
[info] i  ui: Emulator UI logging to ui-debug.log {"metadata":{"emulator":{"name":"ui"},"message":"Emulator UI logging to \u001b[1mui-debug.log\u001b[22m"}}
[debug] [2022-08-29T14:40:59.542Z] Web / API server started at localhost:4001
 {"metadata":{"emulator":{"name":"ui"},"message":"Web / API server started at localhost:4001\n"}}
[info] i  functions: Watching "/Users/angelmondragon/Prod/ecomm-platform/functions" for Cloud Functions... {"metadata":{"emulator":{"name":"functions"},"message":"Watching \"/Users/angelmondragon/Prod/ecomm-platform/functions\" for Cloud Functions..."}}
[debug] [2022-08-29T14:40:59.709Z] Validating nodejs source
[debug] [2022-08-29T14:41:00.800Z] > [functions] package.json contents: {
  "name": "functions",
  "scripts": {
    "build": "tsc",
    "serve": "npm run build && firebase emulators:start --only functions",
    "shell": "npm run build && firebase functions:shell",
    "start": "npm run shell",
    "deploy": "firebase deploy --only functions",
    "logs": "firebase functions:log"
  },
  "engines": {
    "node": "16"
  },
  "main": "lib/index.js",
  "dependencies": {
    "body-parser": "^1.20.0",
    "cors": "^2.8.5",
    "express": "^4.18.1",
    "express-bearer-token": "^2.4.0",
    "firebase-admin": "^9.8.0",
    "firebase-functions": "^3.14.1"
  },
  "devDependencies": {
    "firebase-functions-test": "^0.2.0",
    "typescript": "^3.8.0"
  },
  "private": true
}
[debug] [2022-08-29T14:41:00.801Z] Building nodejs source
[debug] [2022-08-29T14:41:00.801Z] Analyzing nodejs backend spec
[info] ✔  functions[us-central1-platform]: http function initialized (http://localhost:5001/shopify-recharge-352914/us-central1/platform). {"metadata":{"emulator":{"name":"functions"},"message":"\u001b[1mhttp\u001b[22m function initialized (http://localhost:5001/shopify-recharge-352914/us-central1/platform)."}}
[info] 
┌─────────────────────────────────────────────────────────────┐
│ ✔  All emulators ready! It is now safe to connect your app. │
│ i  View Emulator UI at http://localhost:4001                │
└─────────────────────────────────────────────────────────────┘

┌───────────┬────────────────┬─────────────────────────────────┐
│ Emulator  │ Host:Port      │ View in Emulator UI             │
├───────────┼────────────────┼─────────────────────────────────┤
│ Functions │ localhost:5001 │ http://localhost:4001/functions │
└───────────┴────────────────┴─────────────────────────────────┘
  Emulator Hub running at localhost:4400
  Other reserved ports: 4500

Issues? Report them at https://github.com/firebase/firebase-tools/issues and attach the *-debug.log files.
 
[debug] [2022-08-29T14:41:01.010Z] File /Users/angelmondragon/Prod/ecomm-platform/functions/src/lib/routes/carts.ts changed, reloading triggers {"metadata":{"emulator":{"name":"functions"},"message":"File /Users/angelmondragon/Prod/ecomm-platform/functions/src/lib/routes/carts.ts changed, reloading triggers"}}
[debug] [2022-08-29T14:41:02.012Z] Validating nodejs source
[debug] [2022-08-29T14:41:03.118Z] > [functions] package.json contents: {
  "name": "functions",
  "scripts": {
    "build": "tsc",
    "serve": "npm run build && firebase emulators:start --only functions",
    "shell": "npm run build && firebase functions:shell",
    "start": "npm run shell",
    "deploy": "firebase deploy --only functions",
    "logs": "firebase functions:log"
  },
  "engines": {
    "node": "16"
  },
  "main": "lib/index.js",
  "dependencies": {
    "body-parser": "^1.20.0",
    "cors": "^2.8.5",
    "express": "^4.18.1",
    "express-bearer-token": "^2.4.0",
    "firebase-admin": "^9.8.0",
    "firebase-functions": "^3.14.1"
  },
  "devDependencies": {
    "firebase-functions-test": "^0.2.0",
    "typescript": "^3.8.0"
  },
  "private": true
}
[debug] [2022-08-29T14:41:03.118Z] Building nodejs source
[debug] [2022-08-29T14:41:03.118Z] Analyzing nodejs backend spec
[debug] [2022-08-29T14:41:05.003Z] File /Users/angelmondragon/Prod/ecomm-platform/functions/src/lib/routes/carts.ts changed, reloading triggers {"metadata":{"emulator":{"name":"functions"},"message":"File /Users/angelmondragon/Prod/ecomm-platform/functions/src/lib/routes/carts.ts changed, reloading triggers"}}
[debug] [2022-08-29T14:41:06.005Z] Validating nodejs source
[debug] [2022-08-29T14:41:07.123Z] > [functions] package.json contents: {
  "name": "functions",
  "scripts": {
    "build": "tsc",
    "serve": "npm run build && firebase emulators:start --only functions",
    "shell": "npm run build && firebase functions:shell",
    "start": "npm run shell",
    "deploy": "firebase deploy --only functions",
    "logs": "firebase functions:log"
  },
  "engines": {
    "node": "16"
  },
  "main": "lib/index.js",
  "dependencies": {
    "body-parser": "^1.20.0",
    "cors": "^2.8.5",
    "express": "^4.18.1",
    "express-bearer-token": "^2.4.0",
    "firebase-admin": "^9.8.0",
    "firebase-functions": "^3.14.1"
  },
  "devDependencies": {
    "firebase-functions-test": "^0.2.0",
    "typescript": "^3.8.0"
  },
  "private": true
}
[debug] [2022-08-29T14:41:07.123Z] Building nodejs source
[debug] [2022-08-29T14:41:07.123Z] Analyzing nodejs backend spec
[debug] [2022-08-29T14:42:09.312Z] File /Users/angelmondragon/Prod/ecomm-platform/functions/src/lib/routes/carts.ts changed, reloading triggers {"metadata":{"emulator":{"name":"functions"},"message":"File /Users/angelmondragon/Prod/ecomm-platform/functions/src/lib/routes/carts.ts changed, reloading triggers"}}
[debug] [2022-08-29T14:42:10.315Z] Validating nodejs source
[debug] [2022-08-29T14:42:11.779Z] > [functions] package.json contents: {
  "name": "functions",
  "scripts": {
    "build": "tsc",
    "serve": "npm run build && firebase emulators:start --only functions",
    "shell": "npm run build && firebase functions:shell",
    "start": "npm run shell",
    "deploy": "firebase deploy --only functions",
    "logs": "firebase functions:log"
  },
  "engines": {
    "node": "16"
  },
  "main": "lib/index.js",
  "dependencies": {
    "body-parser": "^1.20.0",
    "cors": "^2.8.5",
    "express": "^4.18.1",
    "express-bearer-token": "^2.4.0",
    "firebase-admin": "^9.8.0",
    "firebase-functions": "^3.14.1"
  },
  "devDependencies": {
    "firebase-functions-test": "^0.2.0",
    "typescript": "^3.8.0"
  },
  "private": true
}
[debug] [2022-08-29T14:42:11.780Z] Building nodejs source
[debug] [2022-08-29T14:42:11.780Z] Analyzing nodejs backend spec
[debug] [2022-08-29T14:43:50.508Z] File /Users/angelmondragon/Prod/ecomm-platform/functions/src/lib/types/orders.ts changed, reloading triggers {"metadata":{"emulator":{"name":"functions"},"message":"File /Users/angelmondragon/Prod/ecomm-platform/functions/src/lib/types/orders.ts changed, reloading triggers"}}
[debug] [2022-08-29T14:43:51.510Z] Validating nodejs source
[debug] [2022-08-29T14:43:52.618Z] > [functions] package.json contents: {
  "name": "functions",
  "scripts": {
    "build": "tsc",
    "serve": "npm run build && firebase emulators:start --only functions",
    "shell": "npm run build && firebase functions:shell",
    "start": "npm run shell",
    "deploy": "firebase deploy --only functions",
    "logs": "firebase functions:log"
  },
  "engines": {
    "node": "16"
  },
  "main": "lib/index.js",
  "dependencies": {
    "body-parser": "^1.20.0",
    "cors": "^2.8.5",
    "express": "^4.18.1",
    "express-bearer-token": "^2.4.0",
    "firebase-admin": "^9.8.0",
    "firebase-functions": "^3.14.1"
  },
  "devDependencies": {
    "firebase-functions-test": "^0.2.0",
    "typescript": "^3.8.0"
  },
  "private": true
}
[debug] [2022-08-29T14:43:52.618Z] Building nodejs source
[debug] [2022-08-29T14:43:52.618Z] Analyzing nodejs backend spec
[debug] [2022-08-29T14:44:09.865Z] File /Users/angelmondragon/Prod/ecomm-platform/functions/src/lib/types/discounts.ts changed, reloading triggers {"metadata":{"emulator":{"name":"functions"},"message":"File /Users/angelmondragon/Prod/ecomm-platform/functions/src/lib/types/discounts.ts changed, reloading triggers"}}
[debug] [2022-08-29T14:44:10.871Z] Validating nodejs source
[debug] [2022-08-29T14:44:12.038Z] > [functions] package.json contents: {
  "name": "functions",
  "scripts": {
    "build": "tsc",
    "serve": "npm run build && firebase emulators:start --only functions",
    "shell": "npm run build && firebase functions:shell",
    "start": "npm run shell",
    "deploy": "firebase deploy --only functions",
    "logs": "firebase functions:log"
  },
  "engines": {
    "node": "16"
  },
  "main": "lib/index.js",
  "dependencies": {
    "body-parser": "^1.20.0",
    "cors": "^2.8.5",
    "express": "^4.18.1",
    "express-bearer-token": "^2.4.0",
    "firebase-admin": "^9.8.0",
    "firebase-functions": "^3.14.1"
  },
  "devDependencies": {
    "firebase-functions-test": "^0.2.0",
    "typescript": "^3.8.0"
  },
  "private": true
}
[debug] [2022-08-29T14:44:12.039Z] Building nodejs source
[debug] [2022-08-29T14:44:12.039Z] Analyzing nodejs backend spec
[debug] [2022-08-29T14:44:21.940Z] File /Users/angelmondragon/Prod/ecomm-platform/functions/src/lib/types/orders.ts changed, reloading triggers {"metadata":{"emulator":{"name":"functions"},"message":"File /Users/angelmondragon/Prod/ecomm-platform/functions/src/lib/types/orders.ts changed, reloading triggers"}}
[debug] [2022-08-29T14:44:22.039Z] File /Users/angelmondragon/Prod/ecomm-platform/functions/src/lib/types/orders.ts changed, reloading triggers {"metadata":{"emulator":{"name":"functions"},"message":"File /Users/angelmondragon/Prod/ecomm-platform/functions/src/lib/types/orders.ts changed, reloading triggers"}}
[debug] [2022-08-29T14:44:23.041Z] Validating nodejs source
[debug] [2022-08-29T14:44:24.166Z] > [functions] package.json contents: {
  "name": "functions",
  "scripts": {
    "build": "tsc",
    "serve": "npm run build && firebase emulators:start --only functions",
    "shell": "npm run build && firebase functions:shell",
    "start": "npm run shell",
    "deploy": "firebase deploy --only functions",
    "logs": "firebase functions:log"
  },
  "engines": {
    "node": "16"
  },
  "main": "lib/index.js",
  "dependencies": {
    "body-parser": "^1.20.0",
    "cors": "^2.8.5",
    "express": "^4.18.1",
    "express-bearer-token": "^2.4.0",
    "firebase-admin": "^9.8.0",
    "firebase-functions": "^3.14.1"
  },
  "devDependencies": {
    "firebase-functions-test": "^0.2.0",
    "typescript": "^3.8.0"
  },
  "private": true
}
[debug] [2022-08-29T14:44:24.167Z] Building nodejs source
[debug] [2022-08-29T14:44:24.167Z] Analyzing nodejs backend spec
[debug] [2022-08-29T14:48:55.118Z] File /Users/angelmondragon/Prod/ecomm-platform/functions/src/lib/types/orders.ts changed, reloading triggers {"metadata":{"emulator":{"name":"functions"},"message":"File /Users/angelmondragon/Prod/ecomm-platform/functions/src/lib/types/orders.ts changed, reloading triggers"}}
[debug] [2022-08-29T14:48:56.120Z] Validating nodejs source
[debug] [2022-08-29T14:48:57.250Z] > [functions] package.json contents: {
  "name": "functions",
  "scripts": {
    "build": "tsc",
    "serve": "npm run build && firebase emulators:start --only functions",
    "shell": "npm run build && firebase functions:shell",
    "start": "npm run shell",
    "deploy": "firebase deploy --only functions",
    "logs": "firebase functions:log"
  },
  "engines": {
    "node": "16"
  },
  "main": "lib/index.js",
  "dependencies": {
    "body-parser": "^1.20.0",
    "cors": "^2.8.5",
    "express": "^4.18.1",
    "express-bearer-token": "^2.4.0",
    "firebase-admin": "^9.8.0",
    "firebase-functions": "^3.14.1"
  },
  "devDependencies": {
    "firebase-functions-test": "^0.2.0",
    "typescript": "^3.8.0"
  },
  "private": true
}
[debug] [2022-08-29T14:48:57.251Z] Building nodejs source
[debug] [2022-08-29T14:48:57.251Z] Analyzing nodejs backend spec
[debug] [2022-08-29T14:49:25.615Z] File /Users/angelmondragon/Prod/ecomm-platform/functions/src/lib/routes/discounts.ts changed, reloading triggers {"metadata":{"emulator":{"name":"functions"},"message":"File /Users/angelmondragon/Prod/ecomm-platform/functions/src/lib/routes/discounts.ts changed, reloading triggers"}}
[debug] [2022-08-29T14:49:26.617Z] Validating nodejs source
[debug] [2022-08-29T14:49:27.698Z] > [functions] package.json contents: {
  "name": "functions",
  "scripts": {
    "build": "tsc",
    "serve": "npm run build && firebase emulators:start --only functions",
    "shell": "npm run build && firebase functions:shell",
    "start": "npm run shell",
    "deploy": "firebase deploy --only functions",
    "logs": "firebase functions:log"
  },
  "engines": {
    "node": "16"
  },
  "main": "lib/index.js",
  "dependencies": {
    "body-parser": "^1.20.0",
    "cors": "^2.8.5",
    "express": "^4.18.1",
    "express-bearer-token": "^2.4.0",
    "firebase-admin": "^9.8.0",
    "firebase-functions": "^3.14.1"
  },
  "devDependencies": {
    "firebase-functions-test": "^0.2.0",
    "typescript": "^3.8.0"
  },
  "private": true
}
[debug] [2022-08-29T14:49:27.699Z] Building nodejs source
[debug] [2022-08-29T14:49:27.699Z] Analyzing nodejs backend spec
[debug] [2022-08-29T14:50:08.460Z] File /Users/angelmondragon/Prod/ecomm-platform/functions/src/lib/routes/discounts.ts changed, reloading triggers {"metadata":{"emulator":{"name":"functions"},"message":"File /Users/angelmondragon/Prod/ecomm-platform/functions/src/lib/routes/discounts.ts changed, reloading triggers"}}
[debug] [2022-08-29T14:50:09.462Z] Validating nodejs source
[debug] [2022-08-29T14:50:10.534Z] > [functions] package.json contents: {
  "name": "functions",
  "scripts": {
    "build": "tsc",
    "serve": "npm run build && firebase emulators:start --only functions",
    "shell": "npm run build && firebase functions:shell",
    "start": "npm run shell",
    "deploy": "firebase deploy --only functions",
    "logs": "firebase functions:log"
  },
  "engines": {
    "node": "16"
  },
  "main": "lib/index.js",
  "dependencies": {
    "body-parser": "^1.20.0",
    "cors": "^2.8.5",
    "express": "^4.18.1",
    "express-bearer-token": "^2.4.0",
    "firebase-admin": "^9.8.0",
    "firebase-functions": "^3.14.1"
  },
  "devDependencies": {
    "firebase-functions-test": "^0.2.0",
    "typescript": "^3.8.0"
  },
  "private": true
}
[debug] [2022-08-29T14:50:10.534Z] Building nodejs source
[debug] [2022-08-29T14:50:10.534Z] Analyzing nodejs backend spec
[debug] [2022-08-29T14:50:13.103Z] File /Users/angelmondragon/Prod/ecomm-platform/functions/src/lib/routes/discounts.ts changed, reloading triggers {"metadata":{"emulator":{"name":"functions"},"message":"File /Users/angelmondragon/Prod/ecomm-platform/functions/src/lib/routes/discounts.ts changed, reloading triggers"}}
[debug] [2022-08-29T14:50:13.204Z] File /Users/angelmondragon/Prod/ecomm-platform/functions/src/lib/routes/discounts.ts changed, reloading triggers {"metadata":{"emulator":{"name":"functions"},"message":"File /Users/angelmondragon/Prod/ecomm-platform/functions/src/lib/routes/discounts.ts changed, reloading triggers"}}
[debug] [2022-08-29T14:50:14.207Z] Validating nodejs source
[debug] [2022-08-29T14:50:15.291Z] > [functions] package.json contents: {
  "name": "functions",
  "scripts": {
    "build": "tsc",
    "serve": "npm run build && firebase emulators:start --only functions",
    "shell": "npm run build && firebase functions:shell",
    "start": "npm run shell",
    "deploy": "firebase deploy --only functions",
    "logs": "firebase functions:log"
  },
  "engines": {
    "node": "16"
  },
  "main": "lib/index.js",
  "dependencies": {
    "body-parser": "^1.20.0",
    "cors": "^2.8.5",
    "express": "^4.18.1",
    "express-bearer-token": "^2.4.0",
    "firebase-admin": "^9.8.0",
    "firebase-functions": "^3.14.1"
  },
  "devDependencies": {
    "firebase-functions-test": "^0.2.0",
    "typescript": "^3.8.0"
  },
  "private": true
}
[debug] [2022-08-29T14:50:15.291Z] Building nodejs source
[debug] [2022-08-29T14:50:15.292Z] Analyzing nodejs backend spec
